[2023-04-20 11:14:20,136] multiqc                                            [DEBUG  ]  This is MultiQC v1.12
[2023-04-20 11:14:20,136] multiqc                                            [DEBUG  ]  No MultiQC config found: /opt/anaconda/anaconda3/lib/python3.9/site-packages/multiqc_config.yaml
[2023-04-20 11:14:20,136] multiqc                                            [DEBUG  ]  No MultiQC config found: /home/shared/8TB_HDD_02/sarahyerrace/.multiqc_config.yaml
[2023-04-20 11:14:20,136] multiqc                                            [DEBUG  ]  No MultiQC config found: multiqc_config.yaml
[2023-04-20 11:14:20,136] multiqc                                            [DEBUG  ]  Command used: /opt/anaconda/anaconda3/bin/multiqc .
[2023-04-20 11:14:20,407] multiqc                                            [WARNING]  MultiQC Version v1.14 now available!
[2023-04-20 11:14:20,407] multiqc                                            [DEBUG  ]  Command     : /opt/anaconda/anaconda3/bin/multiqc .
[2023-04-20 11:14:20,408] multiqc                                            [DEBUG  ]  Working dir : /home/shared/8TB_HDD_02/sarahyerrace/Yerrace_metabarcoding/Output
[2023-04-20 11:14:20,408] multiqc                                            [DEBUG  ]  Template    : default
[2023-04-20 11:14:20,408] multiqc                                            [DEBUG  ]  Running Python 3.9.7 (default, Sep 16 2021, 13:09:58)  [GCC 7.5.0]
[2023-04-20 11:14:20,409] multiqc                                            [DEBUG  ]  Analysing modules: custom_content, ccs, ngsderive, purple, conpair, lima, peddy, somalier, methylQA, mosdepth, phantompeakqualtools, qualimap, preseq, quast, qorts, rna_seqc, rockhopper, rsem, rseqc, busco, bustools, goleft_indexcov, gffcompare, disambiguate, supernova, deeptools, sargasso, verifybamid, mirtrace, happy, mirtop, sambamba, homer, hops, macs2, theta2, snpeff, gatk, htseq, bcftools, featureCounts, fgbio, dragen, dedup, pbmarkdup, damageprofiler, biobambam2, jcvi, mtnucratio, picard, vep, sentieon, prokka, qc3C, nanostat, samblaster, samtools, sexdeterrmine, eigenstratdatabasetools, bamtools, jellyfish, vcftools, longranger, stacks, varscan2, snippy, bbmap, bismark, biscuit, hicexplorer, hicup, hicpro, salmon, kallisto, slamdunk, star, hisat2, tophat, bowtie2, bowtie1, snpsplit, odgi, pangolin, kat, leehom, adapterRemoval, clipandmerge, cutadapt, flexbar, kaiju, kraken, malt, trimmomatic, sickle, skewer, sortmerna, biobloomtools, fastq_screen, afterqc, fastp, fastqc, pychopper, pycoqc, minionqc, multivcfanalyzer, clusterflow, checkqc, bcl2fastq, bclconvert, interop, ivar, flash, seqyclean, optitype, whatshap
[2023-04-20 11:14:20,409] multiqc                                            [DEBUG  ]  Using temporary directory for creating report: /tmp/tmpie9sugw9
[2023-04-20 11:14:20,493] multiqc                                            [INFO   ]  Search path : /home/shared/8TB_HDD_02/sarahyerrace/Yerrace_metabarcoding/Output
[2023-04-20 11:14:20,515] multiqc                                            [DEBUG  ]  File ignored by ccs/v4 because it exceeded search pattern filesize limit: JV173_UniCOI_Tornabene_S043447.1.R1_fastqc.html
[2023-04-20 11:14:20,515] multiqc                                            [DEBUG  ]  File ignored by hicexplorer because it exceeded search pattern filesize limit: JV173_UniCOI_Tornabene_S043447.1.R1_fastqc.html
[2023-04-20 11:14:20,515] multiqc                                            [DEBUG  ]  File ignored by lima/summary because it exceeded search pattern filesize limit: JV173_UniCOI_Tornabene_S043447.1.R1_fastqc.html
[2023-04-20 11:14:20,517] multiqc                                            [DEBUG  ]  File ignored by vep/vep_txt because it exceeded search pattern filesize limit: JV173_UniCOI_Tornabene_S043447.1.R1_fastqc.html
[2023-04-20 11:14:20,517] multiqc                                            [DEBUG  ]  File ignored by longranger/invocation because it exceeded search pattern filesize limit: JV173_UniCOI_Tornabene_S043447.1.R1_fastqc.html
[2023-04-20 11:14:20,517] multiqc                                            [DEBUG  ]  File ignored by rockhopper because it exceeded search pattern filesize limit: JV173_UniCOI_Tornabene_S043447.1.R1_fastqc.html
[2023-04-20 11:14:20,517] multiqc                                            [DEBUG  ]  File ignored by rseqc/bam_stat because it exceeded search pattern filesize limit: JV173_UniCOI_Tornabene_S043447.1.R1_fastqc.html
[2023-04-20 11:14:20,517] multiqc                                            [DEBUG  ]  File ignored by rseqc/junction_annotation because it exceeded search pattern filesize limit: JV173_UniCOI_Tornabene_S043447.1.R1_fastqc.html
[2023-04-20 11:14:20,517] multiqc                                            [DEBUG  ]  File ignored by rseqc/read_distribution because it exceeded search pattern filesize limit: JV173_UniCOI_Tornabene_S043447.1.R1_fastqc.html
[2023-04-20 11:14:20,517] multiqc                                            [DEBUG  ]  File ignored by rseqc/infer_experiment because it exceeded search pattern filesize limit: JV173_UniCOI_Tornabene_S043447.1.R1_fastqc.html
[2023-04-20 11:14:20,576] multiqc                                            [DEBUG  ]  File ignored by nanostat because it exceeded search pattern filesize limit: JV173_UniCOI_Tornabene_S043447.1.R1_fastqc.html
[2023-04-20 11:14:20,583] multiqc                                            [DEBUG  ]  File ignored by ccs/v4 because it exceeded search pattern filesize limit: JV173_UniCOI_Tornabene_S043448.1.R2_fastqc.html
[2023-04-20 11:14:20,584] multiqc                                            [DEBUG  ]  File ignored by hicexplorer because it exceeded search pattern filesize limit: JV173_UniCOI_Tornabene_S043448.1.R2_fastqc.html
[2023-04-20 11:14:20,584] multiqc                                            [DEBUG  ]  File ignored by lima/summary because it exceeded search pattern filesize limit: JV173_UniCOI_Tornabene_S043448.1.R2_fastqc.html
[2023-04-20 11:14:20,585] multiqc                                            [DEBUG  ]  File ignored by vep/vep_txt because it exceeded search pattern filesize limit: JV173_UniCOI_Tornabene_S043448.1.R2_fastqc.html
[2023-04-20 11:14:20,585] multiqc                                            [DEBUG  ]  File ignored by longranger/invocation because it exceeded search pattern filesize limit: JV173_UniCOI_Tornabene_S043448.1.R2_fastqc.html
[2023-04-20 11:14:20,585] multiqc                                            [DEBUG  ]  File ignored by rockhopper because it exceeded search pattern filesize limit: JV173_UniCOI_Tornabene_S043448.1.R2_fastqc.html
[2023-04-20 11:14:20,585] multiqc                                            [DEBUG  ]  File ignored by rseqc/bam_stat because it exceeded search pattern filesize limit: JV173_UniCOI_Tornabene_S043448.1.R2_fastqc.html
[2023-04-20 11:14:20,585] multiqc                                            [DEBUG  ]  File ignored by rseqc/junction_annotation because it exceeded search pattern filesize limit: JV173_UniCOI_Tornabene_S043448.1.R2_fastqc.html
[2023-04-20 11:14:20,585] multiqc                                            [DEBUG  ]  File ignored by rseqc/read_distribution because it exceeded search pattern filesize limit: JV173_UniCOI_Tornabene_S043448.1.R2_fastqc.html
[2023-04-20 11:14:20,585] multiqc                                            [DEBUG  ]  File ignored by rseqc/infer_experiment because it exceeded search pattern filesize limit: JV173_UniCOI_Tornabene_S043448.1.R2_fastqc.html
[2023-04-20 11:14:20,644] multiqc                                            [DEBUG  ]  File ignored by nanostat because it exceeded search pattern filesize limit: JV173_UniCOI_Tornabene_S043448.1.R2_fastqc.html
[2023-04-20 11:14:20,651] multiqc                                            [DEBUG  ]  File ignored by ccs/v4 because it exceeded search pattern filesize limit: JV173_UniCOI_Tornabene_S043450.1.R1_fastqc.html
[2023-04-20 11:14:20,651] multiqc                                            [DEBUG  ]  File ignored by hicexplorer because it exceeded search pattern filesize limit: JV173_UniCOI_Tornabene_S043450.1.R1_fastqc.html
[2023-04-20 11:14:20,652] multiqc                                            [DEBUG  ]  File ignored by lima/summary because it exceeded search pattern filesize limit: JV173_UniCOI_Tornabene_S043450.1.R1_fastqc.html
[2023-04-20 11:14:20,652] multiqc                                            [DEBUG  ]  File ignored by vep/vep_txt because it exceeded search pattern filesize limit: JV173_UniCOI_Tornabene_S043450.1.R1_fastqc.html
[2023-04-20 11:14:20,653] multiqc                                            [DEBUG  ]  File ignored by longranger/invocation because it exceeded search pattern filesize limit: JV173_UniCOI_Tornabene_S043450.1.R1_fastqc.html
[2023-04-20 11:14:20,653] multiqc                                            [DEBUG  ]  File ignored by rockhopper because it exceeded search pattern filesize limit: JV173_UniCOI_Tornabene_S043450.1.R1_fastqc.html
[2023-04-20 11:14:20,653] multiqc                                            [DEBUG  ]  File ignored by rseqc/bam_stat because it exceeded search pattern filesize limit: JV173_UniCOI_Tornabene_S043450.1.R1_fastqc.html
[2023-04-20 11:14:20,653] multiqc                                            [DEBUG  ]  File ignored by rseqc/junction_annotation because it exceeded search pattern filesize limit: JV173_UniCOI_Tornabene_S043450.1.R1_fastqc.html
[2023-04-20 11:14:20,653] multiqc                                            [DEBUG  ]  File ignored by rseqc/read_distribution because it exceeded search pattern filesize limit: JV173_UniCOI_Tornabene_S043450.1.R1_fastqc.html
[2023-04-20 11:14:20,653] multiqc                                            [DEBUG  ]  File ignored by rseqc/infer_experiment because it exceeded search pattern filesize limit: JV173_UniCOI_Tornabene_S043450.1.R1_fastqc.html
[2023-04-20 11:14:20,714] multiqc                                            [DEBUG  ]  File ignored by nanostat because it exceeded search pattern filesize limit: JV173_UniCOI_Tornabene_S043450.1.R1_fastqc.html
[2023-04-20 11:14:20,721] multiqc                                            [DEBUG  ]  File ignored by ccs/v4 because it exceeded search pattern filesize limit: JV173_UniCOI_Tornabene_S043449.1.R1_fastqc.html
[2023-04-20 11:14:20,722] multiqc                                            [DEBUG  ]  File ignored by hicexplorer because it exceeded search pattern filesize limit: JV173_UniCOI_Tornabene_S043449.1.R1_fastqc.html
[2023-04-20 11:14:20,722] multiqc                                            [DEBUG  ]  File ignored by lima/summary because it exceeded search pattern filesize limit: JV173_UniCOI_Tornabene_S043449.1.R1_fastqc.html
[2023-04-20 11:14:20,723] multiqc                                            [DEBUG  ]  File ignored by vep/vep_txt because it exceeded search pattern filesize limit: JV173_UniCOI_Tornabene_S043449.1.R1_fastqc.html
[2023-04-20 11:14:20,723] multiqc                                            [DEBUG  ]  File ignored by longranger/invocation because it exceeded search pattern filesize limit: JV173_UniCOI_Tornabene_S043449.1.R1_fastqc.html
[2023-04-20 11:14:20,723] multiqc                                            [DEBUG  ]  File ignored by rockhopper because it exceeded search pattern filesize limit: JV173_UniCOI_Tornabene_S043449.1.R1_fastqc.html
[2023-04-20 11:14:20,723] multiqc                                            [DEBUG  ]  File ignored by rseqc/bam_stat because it exceeded search pattern filesize limit: JV173_UniCOI_Tornabene_S043449.1.R1_fastqc.html
[2023-04-20 11:14:20,723] multiqc                                            [DEBUG  ]  File ignored by rseqc/junction_annotation because it exceeded search pattern filesize limit: JV173_UniCOI_Tornabene_S043449.1.R1_fastqc.html
[2023-04-20 11:14:20,723] multiqc                                            [DEBUG  ]  File ignored by rseqc/read_distribution because it exceeded search pattern filesize limit: JV173_UniCOI_Tornabene_S043449.1.R1_fastqc.html
[2023-04-20 11:14:20,723] multiqc                                            [DEBUG  ]  File ignored by rseqc/infer_experiment because it exceeded search pattern filesize limit: JV173_UniCOI_Tornabene_S043449.1.R1_fastqc.html
[2023-04-20 11:14:20,782] multiqc                                            [DEBUG  ]  File ignored by nanostat because it exceeded search pattern filesize limit: JV173_UniCOI_Tornabene_S043449.1.R1_fastqc.html
[2023-04-20 11:14:20,788] multiqc                                            [DEBUG  ]  File ignored by ccs/v4 because it exceeded search pattern filesize limit: JV173_UniCOI_Tornabene_S043449.1.R2_fastqc.html
[2023-04-20 11:14:20,788] multiqc                                            [DEBUG  ]  File ignored by hicexplorer because it exceeded search pattern filesize limit: JV173_UniCOI_Tornabene_S043449.1.R2_fastqc.html
[2023-04-20 11:14:20,789] multiqc                                            [DEBUG  ]  File ignored by lima/summary because it exceeded search pattern filesize limit: JV173_UniCOI_Tornabene_S043449.1.R2_fastqc.html
[2023-04-20 11:14:20,789] multiqc                                            [DEBUG  ]  File ignored by vep/vep_txt because it exceeded search pattern filesize limit: JV173_UniCOI_Tornabene_S043449.1.R2_fastqc.html
[2023-04-20 11:14:20,789] multiqc                                            [DEBUG  ]  File ignored by longranger/invocation because it exceeded search pattern filesize limit: JV173_UniCOI_Tornabene_S043449.1.R2_fastqc.html
[2023-04-20 11:14:20,790] multiqc                                            [DEBUG  ]  File ignored by rockhopper because it exceeded search pattern filesize limit: JV173_UniCOI_Tornabene_S043449.1.R2_fastqc.html
[2023-04-20 11:14:20,790] multiqc                                            [DEBUG  ]  File ignored by rseqc/bam_stat because it exceeded search pattern filesize limit: JV173_UniCOI_Tornabene_S043449.1.R2_fastqc.html
[2023-04-20 11:14:20,790] multiqc                                            [DEBUG  ]  File ignored by rseqc/junction_annotation because it exceeded search pattern filesize limit: JV173_UniCOI_Tornabene_S043449.1.R2_fastqc.html
[2023-04-20 11:14:20,790] multiqc                                            [DEBUG  ]  File ignored by rseqc/read_distribution because it exceeded search pattern filesize limit: JV173_UniCOI_Tornabene_S043449.1.R2_fastqc.html
[2023-04-20 11:14:20,790] multiqc                                            [DEBUG  ]  File ignored by rseqc/infer_experiment because it exceeded search pattern filesize limit: JV173_UniCOI_Tornabene_S043449.1.R2_fastqc.html
[2023-04-20 11:14:20,848] multiqc                                            [DEBUG  ]  File ignored by nanostat because it exceeded search pattern filesize limit: JV173_UniCOI_Tornabene_S043449.1.R2_fastqc.html
[2023-04-20 11:14:20,854] multiqc                                            [DEBUG  ]  File ignored by ccs/v4 because it exceeded search pattern filesize limit: JV173_UniCOI_Tornabene_S043447.1.R2_fastqc.html
[2023-04-20 11:14:20,855] multiqc                                            [DEBUG  ]  File ignored by hicexplorer because it exceeded search pattern filesize limit: JV173_UniCOI_Tornabene_S043447.1.R2_fastqc.html
[2023-04-20 11:14:20,855] multiqc                                            [DEBUG  ]  File ignored by lima/summary because it exceeded search pattern filesize limit: JV173_UniCOI_Tornabene_S043447.1.R2_fastqc.html
[2023-04-20 11:14:20,856] multiqc                                            [DEBUG  ]  File ignored by vep/vep_txt because it exceeded search pattern filesize limit: JV173_UniCOI_Tornabene_S043447.1.R2_fastqc.html
[2023-04-20 11:14:20,856] multiqc                                            [DEBUG  ]  File ignored by longranger/invocation because it exceeded search pattern filesize limit: JV173_UniCOI_Tornabene_S043447.1.R2_fastqc.html
[2023-04-20 11:14:20,856] multiqc                                            [DEBUG  ]  File ignored by rockhopper because it exceeded search pattern filesize limit: JV173_UniCOI_Tornabene_S043447.1.R2_fastqc.html
[2023-04-20 11:14:20,856] multiqc                                            [DEBUG  ]  File ignored by rseqc/bam_stat because it exceeded search pattern filesize limit: JV173_UniCOI_Tornabene_S043447.1.R2_fastqc.html
[2023-04-20 11:14:20,856] multiqc                                            [DEBUG  ]  File ignored by rseqc/junction_annotation because it exceeded search pattern filesize limit: JV173_UniCOI_Tornabene_S043447.1.R2_fastqc.html
[2023-04-20 11:14:20,856] multiqc                                            [DEBUG  ]  File ignored by rseqc/read_distribution because it exceeded search pattern filesize limit: JV173_UniCOI_Tornabene_S043447.1.R2_fastqc.html
[2023-04-20 11:14:20,856] multiqc                                            [DEBUG  ]  File ignored by rseqc/infer_experiment because it exceeded search pattern filesize limit: JV173_UniCOI_Tornabene_S043447.1.R2_fastqc.html
[2023-04-20 11:14:20,914] multiqc                                            [DEBUG  ]  File ignored by nanostat because it exceeded search pattern filesize limit: JV173_UniCOI_Tornabene_S043447.1.R2_fastqc.html
[2023-04-20 11:14:20,921] multiqc                                            [DEBUG  ]  File ignored by ccs/v4 because it exceeded search pattern filesize limit: JV173_UniCOI_Tornabene_S043450.1.R2_fastqc.html
[2023-04-20 11:14:20,921] multiqc                                            [DEBUG  ]  File ignored by hicexplorer because it exceeded search pattern filesize limit: JV173_UniCOI_Tornabene_S043450.1.R2_fastqc.html
[2023-04-20 11:14:20,921] multiqc                                            [DEBUG  ]  File ignored by lima/summary because it exceeded search pattern filesize limit: JV173_UniCOI_Tornabene_S043450.1.R2_fastqc.html
[2023-04-20 11:14:20,922] multiqc                                            [DEBUG  ]  File ignored by vep/vep_txt because it exceeded search pattern filesize limit: JV173_UniCOI_Tornabene_S043450.1.R2_fastqc.html
[2023-04-20 11:14:20,922] multiqc                                            [DEBUG  ]  File ignored by longranger/invocation because it exceeded search pattern filesize limit: JV173_UniCOI_Tornabene_S043450.1.R2_fastqc.html
[2023-04-20 11:14:20,922] multiqc                                            [DEBUG  ]  File ignored by rockhopper because it exceeded search pattern filesize limit: JV173_UniCOI_Tornabene_S043450.1.R2_fastqc.html
[2023-04-20 11:14:20,922] multiqc                                            [DEBUG  ]  File ignored by rseqc/bam_stat because it exceeded search pattern filesize limit: JV173_UniCOI_Tornabene_S043450.1.R2_fastqc.html
[2023-04-20 11:14:20,922] multiqc                                            [DEBUG  ]  File ignored by rseqc/junction_annotation because it exceeded search pattern filesize limit: JV173_UniCOI_Tornabene_S043450.1.R2_fastqc.html
[2023-04-20 11:14:20,922] multiqc                                            [DEBUG  ]  File ignored by rseqc/read_distribution because it exceeded search pattern filesize limit: JV173_UniCOI_Tornabene_S043450.1.R2_fastqc.html
[2023-04-20 11:14:20,922] multiqc                                            [DEBUG  ]  File ignored by rseqc/infer_experiment because it exceeded search pattern filesize limit: JV173_UniCOI_Tornabene_S043450.1.R2_fastqc.html
[2023-04-20 11:14:20,981] multiqc                                            [DEBUG  ]  File ignored by nanostat because it exceeded search pattern filesize limit: JV173_UniCOI_Tornabene_S043450.1.R2_fastqc.html
[2023-04-20 11:14:20,988] multiqc                                            [DEBUG  ]  File ignored by ccs/v4 because it exceeded search pattern filesize limit: JV173_UniCOI_Tornabene_S043451.1.R1_fastqc.html
[2023-04-20 11:14:20,988] multiqc                                            [DEBUG  ]  File ignored by hicexplorer because it exceeded search pattern filesize limit: JV173_UniCOI_Tornabene_S043451.1.R1_fastqc.html
[2023-04-20 11:14:20,988] multiqc                                            [DEBUG  ]  File ignored by lima/summary because it exceeded search pattern filesize limit: JV173_UniCOI_Tornabene_S043451.1.R1_fastqc.html
[2023-04-20 11:14:20,989] multiqc                                            [DEBUG  ]  File ignored by vep/vep_txt because it exceeded search pattern filesize limit: JV173_UniCOI_Tornabene_S043451.1.R1_fastqc.html
[2023-04-20 11:14:20,989] multiqc                                            [DEBUG  ]  File ignored by longranger/invocation because it exceeded search pattern filesize limit: JV173_UniCOI_Tornabene_S043451.1.R1_fastqc.html
[2023-04-20 11:14:20,989] multiqc                                            [DEBUG  ]  File ignored by rockhopper because it exceeded search pattern filesize limit: JV173_UniCOI_Tornabene_S043451.1.R1_fastqc.html
[2023-04-20 11:14:20,989] multiqc                                            [DEBUG  ]  File ignored by rseqc/bam_stat because it exceeded search pattern filesize limit: JV173_UniCOI_Tornabene_S043451.1.R1_fastqc.html
[2023-04-20 11:14:20,989] multiqc                                            [DEBUG  ]  File ignored by rseqc/junction_annotation because it exceeded search pattern filesize limit: JV173_UniCOI_Tornabene_S043451.1.R1_fastqc.html
[2023-04-20 11:14:20,989] multiqc                                            [DEBUG  ]  File ignored by rseqc/read_distribution because it exceeded search pattern filesize limit: JV173_UniCOI_Tornabene_S043451.1.R1_fastqc.html
[2023-04-20 11:14:20,989] multiqc                                            [DEBUG  ]  File ignored by rseqc/infer_experiment because it exceeded search pattern filesize limit: JV173_UniCOI_Tornabene_S043451.1.R1_fastqc.html
[2023-04-20 11:14:21,047] multiqc                                            [DEBUG  ]  File ignored by nanostat because it exceeded search pattern filesize limit: JV173_UniCOI_Tornabene_S043451.1.R1_fastqc.html
[2023-04-20 11:14:21,054] multiqc                                            [DEBUG  ]  File ignored by ccs/v4 because it exceeded search pattern filesize limit: JV173_UniCOI_Tornabene_S043451.1.R2_fastqc.html
[2023-04-20 11:14:21,055] multiqc                                            [DEBUG  ]  File ignored by hicexplorer because it exceeded search pattern filesize limit: JV173_UniCOI_Tornabene_S043451.1.R2_fastqc.html
[2023-04-20 11:14:21,055] multiqc                                            [DEBUG  ]  File ignored by lima/summary because it exceeded search pattern filesize limit: JV173_UniCOI_Tornabene_S043451.1.R2_fastqc.html
[2023-04-20 11:14:21,056] multiqc                                            [DEBUG  ]  File ignored by vep/vep_txt because it exceeded search pattern filesize limit: JV173_UniCOI_Tornabene_S043451.1.R2_fastqc.html
[2023-04-20 11:14:21,056] multiqc                                            [DEBUG  ]  File ignored by longranger/invocation because it exceeded search pattern filesize limit: JV173_UniCOI_Tornabene_S043451.1.R2_fastqc.html
[2023-04-20 11:14:21,056] multiqc                                            [DEBUG  ]  File ignored by rockhopper because it exceeded search pattern filesize limit: JV173_UniCOI_Tornabene_S043451.1.R2_fastqc.html
[2023-04-20 11:14:21,056] multiqc                                            [DEBUG  ]  File ignored by rseqc/bam_stat because it exceeded search pattern filesize limit: JV173_UniCOI_Tornabene_S043451.1.R2_fastqc.html
[2023-04-20 11:14:21,056] multiqc                                            [DEBUG  ]  File ignored by rseqc/junction_annotation because it exceeded search pattern filesize limit: JV173_UniCOI_Tornabene_S043451.1.R2_fastqc.html
[2023-04-20 11:14:21,056] multiqc                                            [DEBUG  ]  File ignored by rseqc/read_distribution because it exceeded search pattern filesize limit: JV173_UniCOI_Tornabene_S043451.1.R2_fastqc.html
[2023-04-20 11:14:21,056] multiqc                                            [DEBUG  ]  File ignored by rseqc/infer_experiment because it exceeded search pattern filesize limit: JV173_UniCOI_Tornabene_S043451.1.R2_fastqc.html
[2023-04-20 11:14:21,117] multiqc                                            [DEBUG  ]  File ignored by nanostat because it exceeded search pattern filesize limit: JV173_UniCOI_Tornabene_S043451.1.R2_fastqc.html
[2023-04-20 11:14:21,163] multiqc                                            [DEBUG  ]  File ignored by ccs/v4 because it exceeded search pattern filesize limit: JV173_UniCOI_Tornabene_S043448.1.R1_fastqc.html
[2023-04-20 11:14:21,164] multiqc                                            [DEBUG  ]  File ignored by hicexplorer because it exceeded search pattern filesize limit: JV173_UniCOI_Tornabene_S043448.1.R1_fastqc.html
[2023-04-20 11:14:21,164] multiqc                                            [DEBUG  ]  File ignored by lima/summary because it exceeded search pattern filesize limit: JV173_UniCOI_Tornabene_S043448.1.R1_fastqc.html
[2023-04-20 11:14:21,166] multiqc                                            [DEBUG  ]  File ignored by vep/vep_txt because it exceeded search pattern filesize limit: JV173_UniCOI_Tornabene_S043448.1.R1_fastqc.html
[2023-04-20 11:14:21,166] multiqc                                            [DEBUG  ]  File ignored by longranger/invocation because it exceeded search pattern filesize limit: JV173_UniCOI_Tornabene_S043448.1.R1_fastqc.html
[2023-04-20 11:14:21,166] multiqc                                            [DEBUG  ]  File ignored by rockhopper because it exceeded search pattern filesize limit: JV173_UniCOI_Tornabene_S043448.1.R1_fastqc.html
[2023-04-20 11:14:21,166] multiqc                                            [DEBUG  ]  File ignored by rseqc/bam_stat because it exceeded search pattern filesize limit: JV173_UniCOI_Tornabene_S043448.1.R1_fastqc.html
[2023-04-20 11:14:21,166] multiqc                                            [DEBUG  ]  File ignored by rseqc/junction_annotation because it exceeded search pattern filesize limit: JV173_UniCOI_Tornabene_S043448.1.R1_fastqc.html
[2023-04-20 11:14:21,167] multiqc                                            [DEBUG  ]  File ignored by rseqc/read_distribution because it exceeded search pattern filesize limit: JV173_UniCOI_Tornabene_S043448.1.R1_fastqc.html
[2023-04-20 11:14:21,167] multiqc                                            [DEBUG  ]  File ignored by rseqc/infer_experiment because it exceeded search pattern filesize limit: JV173_UniCOI_Tornabene_S043448.1.R1_fastqc.html
[2023-04-20 11:14:21,229] multiqc                                            [DEBUG  ]  File ignored by nanostat because it exceeded search pattern filesize limit: JV173_UniCOI_Tornabene_S043448.1.R1_fastqc.html
[2023-04-20 11:14:25,040] multiqc.plots.linegraph                            [DEBUG  ]  Using matplotlib version 3.4.3
[2023-04-20 11:14:25,048] multiqc.plots.bargraph                             [DEBUG  ]  Using matplotlib version 3.4.3
[2023-04-20 11:14:25,196] multiqc.modules.fastqc.fastqc                      [INFO   ]  Found 10 reports
[2023-04-20 11:14:25,342] multiqc                                            [INFO   ]  Compressing plot data
[2023-04-20 11:14:25,437] multiqc                                            [INFO   ]  Report      : multiqc_report.html
[2023-04-20 11:14:25,437] multiqc                                            [INFO   ]  Data        : multiqc_data
[2023-04-20 11:14:25,437] multiqc                                            [DEBUG  ]  Moving data file from '/tmp/tmpie9sugw9/multiqc_data' to '/home/shared/8TB_HDD_02/sarahyerrace/Yerrace_metabarcoding/Output/multiqc_data'
[2023-04-20 11:14:25,737] multiqc                                            [INFO   ]  MultiQC complete
